In file included from [01m[K/home/fluorite/AAE5303/ORB_SLAM3/Thirdparty/Sophus/sophus/se2.hpp:7[m[K,
                 from [01m[K/home/fluorite/AAE5303/ORB_SLAM3/Thirdparty/Sophus/sophus/geometry.hpp:7[m[K,
                 from [01m[K/home/fluorite/AAE5303/ORB_SLAM3/include/Frame.h:28[m[K,
                 from [01m[K/home/fluorite/AAE5303/ORB_SLAM3/include/KeyFrame.h:28[m[K,
                 from [01m[K/home/fluorite/AAE5303/ORB_SLAM3/include/MapPoint.h:23[m[K,
                 from [01m[K/home/fluorite/AAE5303/ORB_SLAM3/include/FrameDrawer.h:24[m[K,
                 from [01m[K/home/fluorite/AAE5303/ORB_SLAM3/include/Viewer.h:23[m[K,
                 from [01m[K/home/fluorite/AAE5303/ORB_SLAM3/include/Tracking.h:26[m[K,
                 from [01m[K/home/fluorite/AAE5303/ORB_SLAM3/include/System.h:31[m[K,
                 from [01m[K/home/fluorite/AAE5303/orbslam3_ros2/src/orbslam3_rgbd_ros2/src/rgbd_node.cc:20[m[K:
[01m[K/home/fluorite/AAE5303/ORB_SLAM3/Thirdparty/Sophus/sophus/so2.hpp:12:10:[m[K [01;31m[Kfatal error: [m[KEigen/LU: æ²¡æœ‰é‚£ä¸ªæ–‡ä»¶æˆ–ç›®å½•
   12 | #include [01;31m[K<Eigen/LU>[m[K
      |          [01;31m[K^~~~~~~~~~[m[K
compilation terminated.
gmake[2]: *** [CMakeFiles/rgbd_node.dir/build.make:76ï¼šCMakeFiles/rgbd_node.dir/src/rgbd_node.cc.o] é”™è¯¯ 1
gmake[1]: *** [CMakeFiles/Makefile2:137ï¼šCMakeFiles/rgbd_node.dir/all] é”™è¯¯ 2
gmake: *** [Makefile:146ï¼šall] é”™è¯¯ 2
