[0.006s] Invoking command in '/home/fluorite/AAE5303/orbslam3_ros2/build/orbslam3_rgbd_ros2': /usr/bin/cmake --build /home/fluorite/AAE5303/orbslam3_ros2/build/orbslam3_rgbd_ros2 -- -j6 -l6
[0.036s] -- Found ament_cmake: 1.3.12 (/opt/ros/humble/share/ament_cmake/cmake)
[0.086s] Traceback (most recent call last):
[0.086s]   File "/opt/ros/humble/share/ament_cmake_core/cmake/package_templates/templates_2_cmake.py", line 21, in <module>
[0.086s]     from ament_package.templates import get_environment_hook_template_path
[0.086s] ModuleNotFoundError: No module named 'ament_package'
[0.090s] [31mCMake Error at /opt/ros/humble/share/ament_cmake_core/cmake/ament_cmake_package_templates-extras.cmake:41 (message):
[0.090s]   execute_process(/usr/bin/python3
[0.090s]   /opt/ros/humble/share/ament_cmake_core/cmake/package_templates/templates_2_cmake.py
[0.090s]   /home/fluorite/AAE5303/orbslam3_ros2/build/orbslam3_rgbd_ros2/ament_cmake_package_templates/templates.cmake)
[0.090s]   returned error code 1
[0.091s] Call Stack (most recent call first):
[0.091s]   /opt/ros/humble/share/ament_cmake_core/cmake/ament_cmake_coreConfig.cmake:41 (include)
[0.091s]   /opt/ros/humble/share/ament_cmake/cmake/ament_cmake_export_dependencies-extras.cmake:15 (find_package)
[0.091s]   /opt/ros/humble/share/ament_cmake/cmake/ament_cmakeConfig.cmake:41 (include)
[0.091s]   CMakeLists.txt:11 (find_package)
[0.091s] 
[0.091s] [0m
[0.091s] -- Configuring incomplete, errors occurred!
[0.091s] See also "/home/fluorite/AAE5303/orbslam3_ros2/build/orbslam3_rgbd_ros2/CMakeFiles/CMakeOutput.log".
[0.092s] gmake: *** [Makefile:267ï¼šcmake_check_build_system] é”™è¯¯ 1
[0.093s] Invoked command in '/home/fluorite/AAE5303/orbslam3_ros2/build/orbslam3_rgbd_ros2' returned '2': /usr/bin/cmake --build /home/fluorite/AAE5303/orbslam3_ros2/build/orbslam3_rgbd_ros2 -- -j6 -l6
