[01m[K/home/fluorite/AAE5303/orbslam3_ros2/src/orbslam3_rgbd_ros2/src/rgbd_node.cc:20:10:[m[K [01;31m[Kfatal error: [m[KSystem.h: æ²¡æœ‰é‚£ä¸ªæ–‡ä»¶æˆ–ç›®å½•
   20 | #include [01;31m[K"System.h"[m[K   // ORB-SLAM3 System
      |          [01;31m[K^~~~~~~~~~[m[K
compilation terminated.
gmake[2]: *** [CMakeFiles/rgbd_node.dir/build.make:76ï¼šCMakeFiles/rgbd_node.dir/src/rgbd_node.cc.o] é”™è¯¯ 1
gmake[1]: *** [CMakeFiles/Makefile2:137ï¼šCMakeFiles/rgbd_node.dir/all] é”™è¯¯ 2
gmake: *** [Makefile:146ï¼šall] é”™è¯¯ 2
