[0.004s] Invoking command in '/home/fluorite/AAE5303/orbslam3_ros2/build/orbslam3_rgbd_ros2': CMAKE_PREFIX_PATH=${CMAKE_PREFIX_PATH}:/opt/ros/humble /usr/bin/cmake --build /home/fluorite/AAE5303/orbslam3_ros2/build/orbslam3_rgbd_ros2 -- -j6 -l6
[0.013s] -- Found ament_cmake: 1.3.12 (/opt/ros/humble/share/ament_cmake/cmake)
[0.059s] -- Found rclcpp: 16.0.17 (/opt/ros/humble/share/rclcpp/cmake)
[0.070s] -- Found rosidl_generator_c: 3.1.8 (/opt/ros/humble/share/rosidl_generator_c/cmake)
[0.071s] -- Found rosidl_adapter: 3.1.8 (/opt/ros/humble/share/rosidl_adapter/cmake)
[0.073s] -- Found rosidl_generator_cpp: 3.1.8 (/opt/ros/humble/share/rosidl_generator_cpp/cmake)
[0.076s] -- Using all available rosidl_typesupport_c: rosidl_typesupport_fastrtps_c;rosidl_typesupport_introspection_c
[0.080s] -- Using all available rosidl_typesupport_cpp: rosidl_typesupport_fastrtps_cpp;rosidl_typesupport_introspection_cpp
[0.092s] -- Found rmw_implementation_cmake: 6.1.2 (/opt/ros/humble/share/rmw_implementation_cmake/cmake)
[0.092s] -- Found rmw_fastrtps_cpp: 6.2.9 (/opt/ros/humble/share/rmw_fastrtps_cpp/cmake)
[0.131s] -- Using RMW implementation 'rmw_fastrtps_cpp' as default
[0.149s] -- Found sensor_msgs: 4.9.0 (/opt/ros/humble/share/sensor_msgs/cmake)
[0.160s] -- Found cv_bridge: 3.2.1 (/opt/ros/humble/share/cv_bridge/cmake)
[0.163s] -- Found message_filters: 4.3.11 (/opt/ros/humble/share/message_filters/cmake)
[0.164s] -- Found nav_msgs: 4.9.0 (/opt/ros/humble/share/nav_msgs/cmake)
[0.170s] -- Found tf2: 0.25.18 (/opt/ros/humble/share/tf2/cmake)
[0.172s] -- Found tf2_ros: 0.25.18 (/opt/ros/humble/share/tf2_ros/cmake)
[0.225s] -- Configuring done
[0.233s] -- Generating done
[0.235s] -- Build files have been written to: /home/fluorite/AAE5303/orbslam3_ros2/build/orbslam3_rgbd_ros2
[0.248s] [ 50%] [32mBuilding CXX object CMakeFiles/rgbd_node.dir/src/rgbd_node.cc.o[0m
[0.368s] [01m[K/home/fluorite/AAE5303/orbslam3_ros2/src/orbslam3_rgbd_ros2/src/rgbd_node.cc:20:10:[m[K [01;31m[Kfatal error: [m[KSystem.h: æ²¡æœ‰é‚£ä¸ªæ–‡ä»¶æˆ–ç›®å½•
[0.368s]    20 | #include [01;31m[K"System.h"[m[K   // ORB-SLAM3 System
[0.368s]       |          [01;31m[K^~~~~~~~~~[m[K
[0.368s] compilation terminated.
[0.371s] gmake[2]: *** [CMakeFiles/rgbd_node.dir/build.make:76ï¼šCMakeFiles/rgbd_node.dir/src/rgbd_node.cc.o] é”™è¯¯ 1
[0.371s] gmake[1]: *** [CMakeFiles/Makefile2:137ï¼šCMakeFiles/rgbd_node.dir/all] é”™è¯¯ 2
[0.371s] gmake: *** [Makefile:146ï¼šall] é”™è¯¯ 2
[0.372s] Invoked command in '/home/fluorite/AAE5303/orbslam3_ros2/build/orbslam3_rgbd_ros2' returned '2': CMAKE_PREFIX_PATH=${CMAKE_PREFIX_PATH}:/opt/ros/humble /usr/bin/cmake --build /home/fluorite/AAE5303/orbslam3_ros2/build/orbslam3_rgbd_ros2 -- -j6 -l6
