-- Found ament_cmake: 1.3.12 (/opt/ros/humble/share/ament_cmake/cmake)
-- Found rclcpp: 16.0.17 (/opt/ros/humble/share/rclcpp/cmake)
-- Found rosidl_generator_c: 3.1.8 (/opt/ros/humble/share/rosidl_generator_c/cmake)
-- Found rosidl_adapter: 3.1.8 (/opt/ros/humble/share/rosidl_adapter/cmake)
-- Found rosidl_generator_cpp: 3.1.8 (/opt/ros/humble/share/rosidl_generator_cpp/cmake)
-- Using all available rosidl_typesupport_c: rosidl_typesupport_fastrtps_c;rosidl_typesupport_introspection_c
-- Using all available rosidl_typesupport_cpp: rosidl_typesupport_fastrtps_cpp;rosidl_typesupport_introspection_cpp
-- Found rmw_implementation_cmake: 6.1.2 (/opt/ros/humble/share/rmw_implementation_cmake/cmake)
-- Found rmw_fastrtps_cpp: 6.2.9 (/opt/ros/humble/share/rmw_fastrtps_cpp/cmake)
-- Using RMW implementation 'rmw_fastrtps_cpp' as default
-- Found sensor_msgs: 4.9.0 (/opt/ros/humble/share/sensor_msgs/cmake)
-- Found cv_bridge: 3.2.1 (/opt/ros/humble/share/cv_bridge/cmake)
-- Found message_filters: 4.3.11 (/opt/ros/humble/share/message_filters/cmake)
-- Found nav_msgs: 4.9.0 (/opt/ros/humble/share/nav_msgs/cmake)
-- Found tf2: 0.25.18 (/opt/ros/humble/share/tf2/cmake)
-- Found tf2_ros: 0.25.18 (/opt/ros/humble/share/tf2_ros/cmake)
-- Configuring done
-- Generating done
-- Build files have been written to: /home/fluorite/AAE5303/orbslam3_ros2/build/orbslam3_rgbd_ros2
[ 50%] [32mBuilding CXX object CMakeFiles/rgbd_node.dir/src/rgbd_node.cc.o[0m
In file included from [01m[K/home/fluorite/AAE5303/ORB_SLAM3/include/MapPoint.h:23[m[K,
                 from [01m[K/home/fluorite/AAE5303/ORB_SLAM3/include/FrameDrawer.h:24[m[K,
                 from [01m[K/home/fluorite/AAE5303/ORB_SLAM3/include/Viewer.h:23[m[K,
                 from [01m[K/home/fluorite/AAE5303/ORB_SLAM3/include/Tracking.h:26[m[K,
                 from [01m[K/home/fluorite/AAE5303/ORB_SLAM3/include/System.h:31[m[K,
                 from [01m[K/home/fluorite/AAE5303/orbslam3_ros2/src/orbslam3_rgbd_ros2/src/rgbd_node.cc:20[m[K:
[01m[K/home/fluorite/AAE5303/ORB_SLAM3/include/KeyFrame.h:32:10:[m[K [01;31m[Kfatal error: [m[KGeometricCamera.h: æ²¡æœ‰é‚£ä¸ªæ–‡ä»¶æˆ–ç›®å½•
   32 | #include [01;31m[K"GeometricCamera.h"[m[K
      |          [01;31m[K^~~~~~~~~~~~~~~~~~~[m[K
compilation terminated.
gmake[2]: *** [CMakeFiles/rgbd_node.dir/build.make:76ï¼šCMakeFiles/rgbd_node.dir/src/rgbd_node.cc.o] é”™è¯¯ 1
gmake[1]: *** [CMakeFiles/Makefile2:137ï¼šCMakeFiles/rgbd_node.dir/all] é”™è¯¯ 2
gmake: *** [Makefile:146ï¼šall] é”™è¯¯ 2
